maj 25, 2021 5:40:14 PM security.LoginEndpoint login
CONFIG: Configuration done.
maj 25, 2021 5:40:14 PM security.LoginEndpoint login
CONFIG: villads@gmail.com
maj 25, 2021 5:40:14 PM security.LoginEndpoint login
FINE: Finer logged
maj 25, 2021 5:40:14 PM security.LoginEndpoint login
SEVERE: SEVERE logged
maj 25, 2021 5:40:14 PM security.LoginEndpoint login
FINER: Finest example on LOGGER handler completed.
maj 25, 2021 5:40:15 PM security.LoginEndpoint createToken
SEVERE: TOKEN
maj 25, 2021 5:40:15 PM security.LoginEndpoint createToken
INFO: Token info: User: villads@gmail.com - role: admin - issuer: DAT4SEM_Security
maj 25, 2021 5:40:20 PM security.LoginEndpoint login
CONFIG: Configuration done.
maj 25, 2021 5:40:20 PM security.LoginEndpoint login
CONFIG: villads@gmail.com
maj 25, 2021 5:40:20 PM security.LoginEndpoint login
FINE: Finer logged
maj 25, 2021 5:40:20 PM security.LoginEndpoint login
SEVERE: SEVERE logged
maj 25, 2021 5:40:20 PM security.LoginEndpoint login
FINER: Finest example on LOGGER handler completed.
maj 25, 2021 5:40:20 PM security.LoginEndpoint createToken
SEVERE: TOKEN
maj 25, 2021 5:40:20 PM security.LoginEndpoint createToken
INFO: Token info: User: villads@gmail.com - role: admin - issuer: DAT4SEM_Security
maj 25, 2021 5:40:24 PM security.LoginEndpoint login
CONFIG: Configuration done.
maj 25, 2021 5:40:24 PM security.LoginEndpoint login
CONFIG: someone@hotmail.com
maj 25, 2021 5:40:24 PM security.LoginEndpoint login
FINE: Finer logged
maj 25, 2021 5:40:24 PM security.LoginEndpoint login
SEVERE: SEVERE logged
maj 25, 2021 5:40:24 PM security.LoginEndpoint login
FINER: Finest example on LOGGER handler completed.
maj 25, 2021 5:40:24 PM security.LoginEndpoint createToken
SEVERE: TOKEN
maj 25, 2021 5:40:24 PM security.LoginEndpoint createToken
INFO: Token info: User: someone@hotmail.com - role: user - issuer: DAT4SEM_Security
maj 25, 2021 5:40:29 PM security.LoginEndpoint login
CONFIG: Configuration done.
maj 25, 2021 5:40:29 PM security.LoginEndpoint login
CONFIG: someone@hotmail.com
maj 25, 2021 5:40:29 PM security.LoginEndpoint login
FINE: Finer logged
maj 25, 2021 5:40:29 PM security.LoginEndpoint login
SEVERE: SEVERE logged
maj 25, 2021 5:40:29 PM security.LoginEndpoint login
FINER: Finest example on LOGGER handler completed.
maj 25, 2021 5:40:29 PM security.LoginEndpoint createToken
SEVERE: TOKEN
maj 25, 2021 5:40:29 PM security.LoginEndpoint createToken
INFO: Token info: User: someone@hotmail.com - role: user - issuer: DAT4SEM_Security
maj 25, 2021 5:40:31 PM security.LoginEndpoint login
CONFIG: Configuration done.
maj 25, 2021 5:40:31 PM security.LoginEndpoint login
CONFIG: villads@gmail.com
maj 25, 2021 5:40:31 PM security.LoginEndpoint login
FINE: Finer logged
maj 25, 2021 5:40:31 PM security.LoginEndpoint login
SEVERE: SEVERE logged
maj 25, 2021 5:40:31 PM security.LoginEndpoint login
FINER: Finest example on LOGGER handler completed.
maj 25, 2021 5:40:31 PM security.LoginEndpoint createToken
SEVERE: TOKEN
maj 25, 2021 5:40:31 PM security.LoginEndpoint createToken
INFO: Token info: User: villads@gmail.com - role: admin - issuer: DAT4SEM_Security
maj 25, 2021 5:46:09 PM security.LoginEndpoint login
CONFIG: Configuration done.
maj 25, 2021 5:46:09 PM security.LoginEndpoint login
CONFIG: villads@gmail.com
maj 25, 2021 5:46:09 PM security.LoginEndpoint login
FINE: Finer logged
maj 25, 2021 5:46:09 PM security.LoginEndpoint login
SEVERE: SEVERE logged
maj 25, 2021 5:46:09 PM security.LoginEndpoint login
FINER: Finest example on LOGGER handler completed.
maj 25, 2021 5:46:09 PM security.LoginEndpoint createToken
SEVERE: TOKEN
maj 25, 2021 5:46:09 PM security.LoginEndpoint createToken
INFO: Token info: User: villads@gmail.com - role: admin - issuer: DAT4SEM_Security
maj 25, 2021 6:12:22 PM security.LoginEndpoint login
CONFIG: Configuration done.
maj 25, 2021 6:12:22 PM security.LoginEndpoint login
CONFIG: villads@gmail.com
maj 25, 2021 6:12:22 PM security.LoginEndpoint login
FINE: Finer logged
maj 25, 2021 6:12:22 PM security.LoginEndpoint login
SEVERE: SEVERE logged
maj 25, 2021 6:12:22 PM security.LoginEndpoint login
FINER: Finest example on LOGGER handler completed.
maj 25, 2021 6:12:23 PM security.LoginEndpoint createToken
SEVERE: TOKEN
maj 25, 2021 6:12:23 PM security.LoginEndpoint createToken
INFO: Token info: User: villads@gmail.com - role: admin - issuer: DAT4SEM_Security
maj 25, 2021 6:12:26 PM security.LoginEndpoint login
CONFIG: Configuration done.
maj 25, 2021 6:12:26 PM security.LoginEndpoint login
CONFIG: villads@gmail.com
maj 25, 2021 6:12:26 PM security.LoginEndpoint login
FINE: Finer logged
maj 25, 2021 6:12:26 PM security.LoginEndpoint login
SEVERE: SEVERE logged
maj 25, 2021 6:12:26 PM security.LoginEndpoint login
FINER: Finest example on LOGGER handler completed.
maj 25, 2021 6:12:27 PM security.LoginEndpoint createToken
SEVERE: TOKEN
maj 25, 2021 6:12:27 PM security.LoginEndpoint createToken
INFO: Token info: User: villads@gmail.com - role: admin - issuer: DAT4SEM_Security
maj 25, 2021 6:12:30 PM security.LoginEndpoint login
CONFIG: Configuration done.
maj 25, 2021 6:12:30 PM security.LoginEndpoint login
CONFIG: someone@hotmail.com
maj 25, 2021 6:12:30 PM security.LoginEndpoint login
FINE: Finer logged
maj 25, 2021 6:12:30 PM security.LoginEndpoint login
SEVERE: SEVERE logged
maj 25, 2021 6:12:30 PM security.LoginEndpoint login
FINER: Finest example on LOGGER handler completed.
maj 25, 2021 6:12:30 PM security.LoginEndpoint createToken
SEVERE: TOKEN
maj 25, 2021 6:12:30 PM security.LoginEndpoint createToken
INFO: Token info: User: someone@hotmail.com - role: user - issuer: DAT4SEM_Security
maj 25, 2021 6:12:34 PM security.LoginEndpoint login
CONFIG: Configuration done.
maj 25, 2021 6:12:34 PM security.LoginEndpoint login
CONFIG: someone@hotmail.com
maj 25, 2021 6:12:34 PM security.LoginEndpoint login
FINE: Finer logged
maj 25, 2021 6:12:34 PM security.LoginEndpoint login
SEVERE: SEVERE logged
maj 25, 2021 6:12:34 PM security.LoginEndpoint login
FINER: Finest example on LOGGER handler completed.
maj 25, 2021 6:12:35 PM security.LoginEndpoint createToken
SEVERE: TOKEN
maj 25, 2021 6:12:35 PM security.LoginEndpoint createToken
INFO: Token info: User: someone@hotmail.com - role: user - issuer: DAT4SEM_Security
maj 25, 2021 6:12:36 PM security.LoginEndpoint login
CONFIG: Configuration done.
maj 25, 2021 6:12:36 PM security.LoginEndpoint login
CONFIG: villads@gmail.com
maj 25, 2021 6:12:36 PM security.LoginEndpoint login
FINE: Finer logged
maj 25, 2021 6:12:36 PM security.LoginEndpoint login
SEVERE: SEVERE logged
maj 25, 2021 6:12:36 PM security.LoginEndpoint login
FINER: Finest example on LOGGER handler completed.
maj 25, 2021 6:12:37 PM security.LoginEndpoint createToken
SEVERE: TOKEN
maj 25, 2021 6:12:37 PM security.LoginEndpoint createToken
INFO: Token info: User: villads@gmail.com - role: admin - issuer: DAT4SEM_Security
maj 26, 2021 9:13:12 AM security.LoginEndpoint login
CONFIG: Configuration done.
maj 26, 2021 9:13:12 AM security.LoginEndpoint login
CONFIG: villads@gmail.com
maj 26, 2021 9:13:12 AM security.LoginEndpoint login
FINE: Finer logged
maj 26, 2021 9:13:12 AM security.LoginEndpoint login
SEVERE: SEVERE logged
maj 26, 2021 9:13:12 AM security.LoginEndpoint login
FINER: Finest example on LOGGER handler completed.
maj 26, 2021 9:13:13 AM security.LoginEndpoint createToken
SEVERE: TOKEN
maj 26, 2021 9:13:13 AM security.LoginEndpoint createToken
INFO: Token info: User: villads@gmail.com - role: admin - issuer: DAT4SEM_Security
maj 26, 2021 9:13:14 AM security.LoginEndpoint login
CONFIG: Configuration done.
maj 26, 2021 9:13:14 AM security.LoginEndpoint login
CONFIG: villads@gmail.com
maj 26, 2021 9:13:14 AM security.LoginEndpoint login
FINE: Finer logged
maj 26, 2021 9:13:14 AM security.LoginEndpoint login
SEVERE: SEVERE logged
maj 26, 2021 9:13:14 AM security.LoginEndpoint login
FINER: Finest example on LOGGER handler completed.
maj 26, 2021 9:13:14 AM security.LoginEndpoint createToken
SEVERE: TOKEN
maj 26, 2021 9:13:14 AM security.LoginEndpoint createToken
INFO: Token info: User: villads@gmail.com - role: admin - issuer: DAT4SEM_Security
maj 26, 2021 9:13:16 AM security.LoginEndpoint login
CONFIG: Configuration done.
maj 26, 2021 9:13:16 AM security.LoginEndpoint login
CONFIG: someone@hotmail.com
maj 26, 2021 9:13:16 AM security.LoginEndpoint login
FINE: Finer logged
maj 26, 2021 9:13:16 AM security.LoginEndpoint login
SEVERE: SEVERE logged
maj 26, 2021 9:13:16 AM security.LoginEndpoint login
FINER: Finest example on LOGGER handler completed.
maj 26, 2021 9:13:16 AM security.LoginEndpoint createToken
SEVERE: TOKEN
maj 26, 2021 9:13:16 AM security.LoginEndpoint createToken
INFO: Token info: User: someone@hotmail.com - role: user - issuer: DAT4SEM_Security
maj 26, 2021 9:13:18 AM security.LoginEndpoint login
CONFIG: Configuration done.
maj 26, 2021 9:13:18 AM security.LoginEndpoint login
CONFIG: someone@hotmail.com
maj 26, 2021 9:13:18 AM security.LoginEndpoint login
FINE: Finer logged
maj 26, 2021 9:13:18 AM security.LoginEndpoint login
SEVERE: SEVERE logged
maj 26, 2021 9:13:18 AM security.LoginEndpoint login
FINER: Finest example on LOGGER handler completed.
maj 26, 2021 9:13:18 AM security.LoginEndpoint createToken
SEVERE: TOKEN
maj 26, 2021 9:13:18 AM security.LoginEndpoint createToken
INFO: Token info: User: someone@hotmail.com - role: user - issuer: DAT4SEM_Security
maj 26, 2021 9:13:19 AM security.LoginEndpoint login
CONFIG: Configuration done.
maj 26, 2021 9:13:19 AM security.LoginEndpoint login
CONFIG: villads@gmail.com
maj 26, 2021 9:13:19 AM security.LoginEndpoint login
FINE: Finer logged
maj 26, 2021 9:13:19 AM security.LoginEndpoint login
SEVERE: SEVERE logged
maj 26, 2021 9:13:19 AM security.LoginEndpoint login
FINER: Finest example on LOGGER handler completed.
maj 26, 2021 9:13:19 AM security.LoginEndpoint createToken
SEVERE: TOKEN
maj 26, 2021 9:13:19 AM security.LoginEndpoint createToken
INFO: Token info: User: villads@gmail.com - role: admin - issuer: DAT4SEM_Security
maj 26, 2021 11:15:50 AM security.LoginEndpoint login
CONFIG: Configuration done.
maj 26, 2021 11:15:50 AM security.LoginEndpoint login
CONFIG: villads@gmail.com
maj 26, 2021 11:15:50 AM security.LoginEndpoint login
FINE: Finer logged
maj 26, 2021 11:15:50 AM security.LoginEndpoint login
SEVERE: SEVERE logged
maj 26, 2021 11:15:50 AM security.LoginEndpoint login
FINER: Finest example on LOGGER handler completed.
maj 26, 2021 11:15:52 AM security.LoginEndpoint login
CONFIG: Configuration done.
maj 26, 2021 11:15:52 AM security.LoginEndpoint login
CONFIG: villads@gmail.com
maj 26, 2021 11:15:52 AM security.LoginEndpoint login
FINE: Finer logged
maj 26, 2021 11:15:52 AM security.LoginEndpoint login
SEVERE: SEVERE logged
maj 26, 2021 11:15:52 AM security.LoginEndpoint login
FINER: Finest example on LOGGER handler completed.
maj 26, 2021 11:15:54 AM security.LoginEndpoint login
CONFIG: Configuration done.
maj 26, 2021 11:15:54 AM security.LoginEndpoint login
CONFIG: someone@hotmail.com
maj 26, 2021 11:15:54 AM security.LoginEndpoint login
FINE: Finer logged
maj 26, 2021 11:15:54 AM security.LoginEndpoint login
SEVERE: SEVERE logged
maj 26, 2021 11:15:54 AM security.LoginEndpoint login
FINER: Finest example on LOGGER handler completed.
maj 26, 2021 11:15:56 AM security.LoginEndpoint login
CONFIG: Configuration done.
maj 26, 2021 11:15:56 AM security.LoginEndpoint login
CONFIG: someone@hotmail.com
maj 26, 2021 11:15:56 AM security.LoginEndpoint login
FINE: Finer logged
maj 26, 2021 11:15:56 AM security.LoginEndpoint login
SEVERE: SEVERE logged
maj 26, 2021 11:15:56 AM security.LoginEndpoint login
FINER: Finest example on LOGGER handler completed.
maj 26, 2021 11:15:57 AM security.LoginEndpoint login
CONFIG: Configuration done.
maj 26, 2021 11:15:57 AM security.LoginEndpoint login
CONFIG: villads@gmail.com
maj 26, 2021 11:15:57 AM security.LoginEndpoint login
FINE: Finer logged
maj 26, 2021 11:15:57 AM security.LoginEndpoint login
SEVERE: SEVERE logged
maj 26, 2021 11:15:57 AM security.LoginEndpoint login
FINER: Finest example on LOGGER handler completed.
maj 26, 2021 11:17:13 AM security.LoginEndpoint login
CONFIG: Configuration done.
maj 26, 2021 11:17:13 AM security.LoginEndpoint login
CONFIG: villads@gmail.com
maj 26, 2021 11:17:13 AM security.LoginEndpoint login
FINE: Finer logged
maj 26, 2021 11:17:13 AM security.LoginEndpoint login
SEVERE: SEVERE logged
maj 26, 2021 11:17:13 AM security.LoginEndpoint login
FINER: Finest example on LOGGER handler completed.
maj 26, 2021 11:17:14 AM security.LoginEndpoint login
CONFIG: Configuration done.
maj 26, 2021 11:17:14 AM security.LoginEndpoint login
CONFIG: villads@gmail.com
maj 26, 2021 11:17:14 AM security.LoginEndpoint login
FINE: Finer logged
maj 26, 2021 11:17:14 AM security.LoginEndpoint login
SEVERE: SEVERE logged
maj 26, 2021 11:17:14 AM security.LoginEndpoint login
FINER: Finest example on LOGGER handler completed.
maj 26, 2021 11:17:16 AM security.LoginEndpoint login
CONFIG: Configuration done.
maj 26, 2021 11:17:16 AM security.LoginEndpoint login
CONFIG: someone@hotmail.com
maj 26, 2021 11:17:16 AM security.LoginEndpoint login
FINE: Finer logged
maj 26, 2021 11:17:16 AM security.LoginEndpoint login
SEVERE: SEVERE logged
maj 26, 2021 11:17:16 AM security.LoginEndpoint login
FINER: Finest example on LOGGER handler completed.
maj 26, 2021 11:17:18 AM security.LoginEndpoint login
CONFIG: Configuration done.
maj 26, 2021 11:17:18 AM security.LoginEndpoint login
CONFIG: someone@hotmail.com
maj 26, 2021 11:17:18 AM security.LoginEndpoint login
FINE: Finer logged
maj 26, 2021 11:17:18 AM security.LoginEndpoint login
SEVERE: SEVERE logged
maj 26, 2021 11:17:18 AM security.LoginEndpoint login
FINER: Finest example on LOGGER handler completed.
maj 26, 2021 11:17:19 AM security.LoginEndpoint login
CONFIG: Configuration done.
maj 26, 2021 11:17:19 AM security.LoginEndpoint login
CONFIG: villads@gmail.com
maj 26, 2021 11:17:19 AM security.LoginEndpoint login
FINE: Finer logged
maj 26, 2021 11:17:19 AM security.LoginEndpoint login
SEVERE: SEVERE logged
maj 26, 2021 11:17:19 AM security.LoginEndpoint login
FINER: Finest example on LOGGER handler completed.
maj 26, 2021 11:19:05 AM security.LoginEndpoint login
CONFIG: Configuration done.
maj 26, 2021 11:19:05 AM security.LoginEndpoint login
CONFIG: villads@gmail.com
maj 26, 2021 11:19:05 AM security.LoginEndpoint login
FINE: Finer logged
maj 26, 2021 11:19:05 AM security.LoginEndpoint login
SEVERE: SEVERE logged
maj 26, 2021 11:19:05 AM security.LoginEndpoint login
FINER: Finest example on LOGGER handler completed.
maj 26, 2021 11:19:07 AM security.LoginEndpoint login
CONFIG: Configuration done.
maj 26, 2021 11:19:07 AM security.LoginEndpoint login
CONFIG: villads@gmail.com
maj 26, 2021 11:19:07 AM security.LoginEndpoint login
FINE: Finer logged
maj 26, 2021 11:19:07 AM security.LoginEndpoint login
SEVERE: SEVERE logged
maj 26, 2021 11:19:07 AM security.LoginEndpoint login
FINER: Finest example on LOGGER handler completed.
maj 26, 2021 11:19:08 AM security.LoginEndpoint login
CONFIG: Configuration done.
maj 26, 2021 11:19:08 AM security.LoginEndpoint login
CONFIG: someone@hotmail.com
maj 26, 2021 11:19:08 AM security.LoginEndpoint login
FINE: Finer logged
maj 26, 2021 11:19:08 AM security.LoginEndpoint login
SEVERE: SEVERE logged
maj 26, 2021 11:19:08 AM security.LoginEndpoint login
FINER: Finest example on LOGGER handler completed.
maj 26, 2021 11:19:11 AM security.LoginEndpoint login
CONFIG: Configuration done.
maj 26, 2021 11:19:11 AM security.LoginEndpoint login
CONFIG: someone@hotmail.com
maj 26, 2021 11:19:11 AM security.LoginEndpoint login
FINE: Finer logged
maj 26, 2021 11:19:11 AM security.LoginEndpoint login
SEVERE: SEVERE logged
maj 26, 2021 11:19:11 AM security.LoginEndpoint login
FINER: Finest example on LOGGER handler completed.
maj 26, 2021 11:19:12 AM security.LoginEndpoint login
CONFIG: Configuration done.
maj 26, 2021 11:19:12 AM security.LoginEndpoint login
CONFIG: villads@gmail.com
maj 26, 2021 11:19:12 AM security.LoginEndpoint login
FINE: Finer logged
maj 26, 2021 11:19:12 AM security.LoginEndpoint login
SEVERE: SEVERE logged
maj 26, 2021 11:19:12 AM security.LoginEndpoint login
FINER: Finest example on LOGGER handler completed.
maj 26, 2021 11:49:13 AM security.LoginEndpoint login
CONFIG: Configuration done.
maj 26, 2021 11:49:13 AM security.LoginEndpoint login
CONFIG: villads@gmail.com
maj 26, 2021 11:49:13 AM security.LoginEndpoint login
FINE: Finer logged
maj 26, 2021 11:49:13 AM security.LoginEndpoint login
SEVERE: SEVERE logged
maj 26, 2021 11:49:13 AM security.LoginEndpoint login
FINER: Finest example on LOGGER handler completed.
maj 26, 2021 11:49:15 AM security.LoginEndpoint login
CONFIG: Configuration done.
maj 26, 2021 11:49:15 AM security.LoginEndpoint login
CONFIG: villads@gmail.com
maj 26, 2021 11:49:15 AM security.LoginEndpoint login
FINE: Finer logged
maj 26, 2021 11:49:15 AM security.LoginEndpoint login
SEVERE: SEVERE logged
maj 26, 2021 11:49:15 AM security.LoginEndpoint login
FINER: Finest example on LOGGER handler completed.
maj 26, 2021 11:49:16 AM security.LoginEndpoint login
CONFIG: Configuration done.
maj 26, 2021 11:49:16 AM security.LoginEndpoint login
CONFIG: someone@hotmail.com
maj 26, 2021 11:49:16 AM security.LoginEndpoint login
FINE: Finer logged
maj 26, 2021 11:49:16 AM security.LoginEndpoint login
SEVERE: SEVERE logged
maj 26, 2021 11:49:16 AM security.LoginEndpoint login
FINER: Finest example on LOGGER handler completed.
maj 26, 2021 11:49:19 AM security.LoginEndpoint login
CONFIG: Configuration done.
maj 26, 2021 11:49:19 AM security.LoginEndpoint login
CONFIG: someone@hotmail.com
maj 26, 2021 11:49:19 AM security.LoginEndpoint login
FINE: Finer logged
maj 26, 2021 11:49:19 AM security.LoginEndpoint login
SEVERE: SEVERE logged
maj 26, 2021 11:49:19 AM security.LoginEndpoint login
FINER: Finest example on LOGGER handler completed.
maj 26, 2021 11:49:20 AM security.LoginEndpoint login
CONFIG: Configuration done.
maj 26, 2021 11:49:20 AM security.LoginEndpoint login
CONFIG: villads@gmail.com
maj 26, 2021 11:49:20 AM security.LoginEndpoint login
FINE: Finer logged
maj 26, 2021 11:49:20 AM security.LoginEndpoint login
SEVERE: SEVERE logged
maj 26, 2021 11:49:20 AM security.LoginEndpoint login
FINER: Finest example on LOGGER handler completed.
