maj 26, 2021 12:32:42 PM security.LoginEndpoint login
CONFIG: Configuration done.
maj 26, 2021 12:32:42 PM security.LoginEndpoint login
INFO: Logged in user: villads@gmail.com
maj 26, 2021 12:32:42 PM security.LoginEndpoint createToken
INFO: Token info: User: villads@gmail.com - role: admin - issuer: DAT4SEM_Security
maj 26, 2021 12:32:52 PM security.LoginEndpoint login
CONFIG: Configuration done.
maj 26, 2021 12:32:52 PM security.LoginEndpoint login
INFO: Logged in user: villads@gmail.com
maj 26, 2021 12:32:53 PM security.LoginEndpoint createToken
INFO: Token info: User: villads@gmail.com - role: admin - issuer: DAT4SEM_Security
maj 26, 2021 12:32:54 PM security.LoginEndpoint login
CONFIG: Configuration done.
maj 26, 2021 12:32:54 PM security.LoginEndpoint login
INFO: Logged in user: villads@gmail.com
maj 26, 2021 12:32:54 PM security.LoginEndpoint createToken
INFO: Token info: User: villads@gmail.com - role: admin - issuer: DAT4SEM_Security
maj 26, 2021 12:32:56 PM security.LoginEndpoint login
CONFIG: Configuration done.
maj 26, 2021 12:32:56 PM security.LoginEndpoint login
INFO: Logged in user: someone@hotmail.com
maj 26, 2021 12:32:56 PM security.LoginEndpoint createToken
INFO: Token info: User: someone@hotmail.com - role: user - issuer: DAT4SEM_Security
maj 26, 2021 12:32:58 PM security.LoginEndpoint login
CONFIG: Configuration done.
maj 26, 2021 12:32:58 PM security.LoginEndpoint login
INFO: Logged in user: someone@hotmail.com
maj 26, 2021 12:32:58 PM security.LoginEndpoint createToken
INFO: Token info: User: someone@hotmail.com - role: user - issuer: DAT4SEM_Security
maj 26, 2021 12:32:59 PM security.LoginEndpoint login
CONFIG: Configuration done.
maj 26, 2021 12:32:59 PM security.LoginEndpoint login
INFO: Logged in user: villads@gmail.com
maj 26, 2021 12:32:59 PM security.LoginEndpoint createToken
INFO: Token info: User: villads@gmail.com - role: admin - issuer: DAT4SEM_Security
maj 26, 2021 12:33:27 PM security.LoginEndpoint login
CONFIG: Configuration done.
maj 26, 2021 12:33:27 PM security.LoginEndpoint login
INFO: Logged in user: villads@gmail.com
maj 26, 2021 12:33:27 PM security.LoginEndpoint createToken
INFO: Token info: User: villads@gmail.com - role: admin - issuer: DAT4SEM_Security
maj 26, 2021 12:33:29 PM security.LoginEndpoint login
CONFIG: Configuration done.
maj 26, 2021 12:33:29 PM security.LoginEndpoint login
INFO: Logged in user: villads@gmail.com
maj 26, 2021 12:33:29 PM security.LoginEndpoint createToken
INFO: Token info: User: villads@gmail.com - role: admin - issuer: DAT4SEM_Security
maj 26, 2021 12:33:30 PM security.LoginEndpoint login
CONFIG: Configuration done.
maj 26, 2021 12:33:30 PM security.LoginEndpoint login
INFO: Logged in user: someone@hotmail.com
maj 26, 2021 12:33:31 PM security.LoginEndpoint createToken
INFO: Token info: User: someone@hotmail.com - role: user - issuer: DAT4SEM_Security
maj 26, 2021 12:33:33 PM security.LoginEndpoint login
CONFIG: Configuration done.
maj 26, 2021 12:33:33 PM security.LoginEndpoint login
INFO: Logged in user: someone@hotmail.com
maj 26, 2021 12:33:33 PM security.LoginEndpoint createToken
INFO: Token info: User: someone@hotmail.com - role: user - issuer: DAT4SEM_Security
maj 26, 2021 12:33:34 PM security.LoginEndpoint login
CONFIG: Configuration done.
maj 26, 2021 12:33:34 PM security.LoginEndpoint login
INFO: Logged in user: villads@gmail.com
maj 26, 2021 12:33:34 PM security.LoginEndpoint createToken
INFO: Token info: User: villads@gmail.com - role: admin - issuer: DAT4SEM_Security
